<?xml version="1.0" encoding="UTF-8"?>
<!-- Generated by org.testng.reporters.JUnitReportReporter -->
<testsuite hostname="Asus" failures="0" tests="1" name="RunnerPackage.RunnerClass" time="29.222" errors="0" timestamp="2025-10-24T14:09:01 IST" skipped="0">
  <testcase classname="RunnerPackage.RunnerClass" name="runScenario" time="29.222"/>
</testsuite> <!-- RunnerPackage.RunnerClass -->
