<?xml version="1.0" encoding="UTF-8"?>
<!-- Generated by org.testng.reporters.JUnitReportReporter -->
<testsuite hostname="Asus" failures="0" tests="1" name="RunnerPackage.RunnerClass" time="29.899" errors="0" timestamp="2025-10-17T12:05:38 IST" skipped="0">
  <testcase classname="RunnerPackage.RunnerClass" name="runScenario" time="29.899"/>
</testsuite> <!-- RunnerPackage.RunnerClass -->
