<?xml version="1.0" encoding="UTF-8"?>
<!-- Generated by org.testng.reporters.JUnitReportReporter -->
<testsuite hostname="Asus" failures="0" tests="3" name="RunnerPackage.RunnerClass" time="90.551" errors="0" timestamp="2025-10-17T14:48:53 IST" skipped="0">
  <testcase classname="RunnerPackage.RunnerClass" name="runScenario" time="14.045"/>
  <testcase classname="RunnerPackage.RunnerClass" name="runScenario" time="39.528"/>
  <testcase classname="RunnerPackage.RunnerClass" name="runScenario" time="36.978"/>
</testsuite> <!-- RunnerPackage.RunnerClass -->
